Matplotlib created a temporary cache directory at /tmp/matplotlib-k2gvynt4 because the default path (/home/j/jacobsen/gjones/.config/matplotlib) is not a writable directory; it is highly recommended to set the MPLCONFIGDIR environment variable to a writable directory, in particular to speed up the import of Matplotlib and to better support multiprocessing.
Error.  nthreads cannot be larger than environment variable "NUMEXPR_MAX_THREADS" (64)/scratch/j/jacobsen/gjones/DDCC5_func_specific/RUD_AL/5RUD/main.py:17: DeprecationWarning: The package qiskit_ibm_provider is being deprecated. Please see https://docs.quantum.ibm.com/api/migration-guides/qiskit-runtime to get instructions on how to migrate to qiskit-ibm-runtime (https://github.com/Qiskit/qiskit-ibm-runtime).
  from qiskit_ibm_provider import IBMProvider
Loading dataset from /scratch/j/jacobsen/gjones/DDCC5_func_specific/RUD_AL/5RUD/5_DDCC_train.bin... 
Successfully loaded /scratch/j/jacobsen/gjones/DDCC5_func_specific/RUD_AL/5RUD/5_DDCC_train.bin into X and y data. 
Loading dataset from /scratch/j/jacobsen/gjones/DDCC5_func_specific/RUD_AL/5RUD/5_DDCC_test.bin... 
Successfully loaded /scratch/j/jacobsen/gjones/DDCC5_func_specific/RUD_AL/5RUD/5_DDCC_test.bin into X and y data. 
Training model with dataset /scratch/j/jacobsen/gjones/DDCC5_func_specific/RUD_AL/5RUD/5_DDCC_train.bin 
 at time Sun Dec  8 14:08:44 2024... 
80
80
Loading partial state from file /scratch/j/jacobsen/gjones/DDCC5_func_specific/RUD_AL/5RUD/A2_HWE-CNOT/partial_state_model.bin
Loaded parameter_vector as [-2.75665135e+00  2.17106965e+00 -2.21919540e+00  8.19611609e-02
  3.03051296e-01 -2.66249511e+00  3.03307455e+00  1.91472334e+00
  1.26813183e+00 -1.44080728e+00  9.22596364e-01  9.16570253e-01
  1.22431195e+00 -1.64109839e+00  7.56460967e-01  2.81708506e+00
 -5.89250319e-01 -7.89131169e-01 -1.87022233e+00  5.45367834e-01
  1.57441709e+00  2.62785375e+00 -9.89108472e-01 -6.78099580e-01
 -2.36596941e+00 -2.74978064e+00  3.28472760e+00  2.22305039e+00
 -5.01594229e-01 -2.88363938e+00  2.01576755e+00 -2.41033427e-01
 -1.92723666e+00  2.08069376e+00  1.43120493e+00 -7.25297604e-01
  1.01997685e+00 -2.14388421e+00 -5.16301276e-01  2.42723927e+00
 -5.45197044e-02  7.64654112e-01  2.61275002e+00  1.60230076e+00
  2.37826247e+00  2.87294725e+00  2.30852882e+00 -2.78477510e+00
  1.46606206e-03 -7.38010546e-01  1.75254063e+00  2.76205911e+00
  5.84563500e-02 -2.27585578e+00  3.10128333e+00 -3.13047509e+00
  4.32148729e-01 -8.29876280e-01 -1.69985261e+00  3.32694107e+00
 -1.92800729e+00 -1.63449239e+00 -2.61133771e+00  2.34342404e+00
 -2.49225979e+00  2.14475679e+00  1.79403417e+00  1.38228252e+00
  2.68293676e+00  2.92952823e+00  2.01194739e+00  1.31294767e+00
 -1.59930605e+00 -2.19853444e+00  1.12662412e+00]
/scinet/niagara/software/2019b/opt/base/python/3.11.5/lib/python3.11/site-packages/joblib/externals/loky/process_executor.py:752: UserWarning: A worker stopped while some jobs were given to the executor. This can be caused by a too short worker timeout or by a memory leak.
  warnings.warn(
/scinet/niagara/software/2019b/opt/base/python/3.11.5/lib/python3.11/site-packages/joblib/externals/loky/process_executor.py:752: UserWarning: A worker stopped while some jobs were given to the executor. This can be caused by a too short worker timeout or by a memory leak.
  warnings.warn(
[Sun Dec  8 14:25:55 2024]  Iteration number: 1890 with current cost as 0.01605152686556533 and parameters 
[-2.75424921  2.17347179 -2.22159754  0.07955903  0.30545343 -2.66009298
  3.03547668  1.91232121  1.2657297  -1.43840514  0.92019423  0.91416812
  1.22671409 -1.63869626  0.7588631   2.8194872  -0.58684818 -0.78672903
 -1.86782019  0.5429657   1.57201496  2.63025589 -0.98670634 -0.68050171
 -2.36837154 -2.7473785   3.28232547  2.22545253 -0.49919209 -2.88123725
  2.01336542 -0.24343556 -1.9296388   2.07829163  1.43360707 -0.72289547
  1.02237898 -2.14628634 -0.51389914  2.4296414  -0.05692184  0.76705625
  2.61034788  1.60470289  2.38066461  2.87054512  2.30612668 -2.78237297
  0.0038682  -0.73560841  1.7501385   2.75965697  0.06085848 -2.27345365
  3.0988812  -3.12807296  0.42974659 -0.82747415 -1.70225475  3.3293432
 -1.93040942 -1.63689453 -2.61373984  2.34582617 -2.48985765  2.14235466
  1.79163203  1.38468466  2.68053462  2.92712609  2.01434952  1.3153498
 -1.59690392 -2.1961323   1.12902626]. 
Training complete taking 1031.489752292633 total seconds. 
Now scoring model... 
Scoring complete taking 336.5021665096283 seconds. 
Saved predicted values as A2_HWE-CNOT_predicted_values.csv
Model scores: {'MSE_train': (6.97113869758032e-05,), 'R2_train': 0.8211989460186275, 'MAE_train': 0.006070215807849383, 'MSE_test': 6.74153158114755e-05, 'R2_test': 0.8264837755217591, 'MAE_test': 0.00598278748612176}. 
Saved model results as A2_HWE-CNOT_results.json. 
