Matplotlib created a temporary cache directory at /tmp/matplotlib-zzcb4cmg because the default path (/home/j/jacobsen/gjones/.config/matplotlib) is not a writable directory; it is highly recommended to set the MPLCONFIGDIR environment variable to a writable directory, in particular to speed up the import of Matplotlib and to better support multiprocessing.
Error.  nthreads cannot be larger than environment variable "NUMEXPR_MAX_THREADS" (64)/scratch/j/jacobsen/gjones/DDCC5_func_specific/RUD_AL/5AL/main.py:17: DeprecationWarning: The package qiskit_ibm_provider is being deprecated. Please see https://docs.quantum.ibm.com/api/migration-guides/qiskit-runtime to get instructions on how to migrate to qiskit-ibm-runtime (https://github.com/Qiskit/qiskit-ibm-runtime).
  from qiskit_ibm_provider import IBMProvider
Loading dataset from /scratch/j/jacobsen/gjones/DDCC5_func_specific/RUD_AL/5AL/5_DDCC_train.bin... 
Successfully loaded /scratch/j/jacobsen/gjones/DDCC5_func_specific/RUD_AL/5AL/5_DDCC_train.bin into X and y data. 
Loading dataset from /scratch/j/jacobsen/gjones/DDCC5_func_specific/RUD_AL/5AL/5_DDCC_test.bin... 
Successfully loaded /scratch/j/jacobsen/gjones/DDCC5_func_specific/RUD_AL/5AL/5_DDCC_test.bin into X and y data. 
Training model with dataset /scratch/j/jacobsen/gjones/DDCC5_func_specific/RUD_AL/5AL/5_DDCC_train.bin 
 at time Sun Dec  8 14:21:54 2024... 
80
80
Loading partial state from file /scratch/j/jacobsen/gjones/DDCC5_func_specific/RUD_AL/5AL/A2_HWE-CNOT/partial_state_model.bin
Loaded parameter_vector as [-2.9027424   2.42960378 -2.13185933 -0.24863639  0.52251217 -2.7407495
  3.27283534  2.02266957  0.91214436 -1.00084415  0.68885556  0.99964509
  1.37392459 -1.96024668  1.09615805  2.97859604 -0.31724239 -0.28707513
 -1.86891579  0.9835242   1.66924092  2.68662689 -1.14913931 -0.29802513
 -2.67040381 -2.16130843  3.1527846   2.50260686 -0.77504601 -2.85279714
  1.44336633 -0.16367391 -2.36599019  2.28827961  1.58970132 -0.76250217
  0.88935882 -1.57621386 -0.45367824  2.45573027  0.06099159  0.74418504
  2.84171575  0.9080207   3.06377014  2.90671074  2.82735881 -3.00613307
  0.14315012 -0.30003201  1.37586268  2.73153951 -0.39042424 -2.28001987
  2.38010578 -3.07584113  0.77768341 -0.70808537 -1.97406189  2.5285223
 -1.88399494 -1.68366544 -2.44115851  2.19302266 -2.14972744  2.2186888
  2.37454773  1.72106517  2.26381531  2.83067368  1.61586232  1.68536096
 -1.8382677  -2.04354261  1.29338845]
/scinet/niagara/software/2019b/opt/base/python/3.11.5/lib/python3.11/site-packages/joblib/externals/loky/process_executor.py:752: UserWarning: A worker stopped while some jobs were given to the executor. This can be caused by a too short worker timeout or by a memory leak.
  warnings.warn(
[Sun Dec  8 14:35:54 2024]  Iteration number: 2405 with current cost as 0.020866795752769052 and parameters 
[-2.88787636  2.41473775 -2.14672536 -0.23377035  0.50764614 -2.75561553
  3.28770138  2.03753561  0.89727833 -1.01571019  0.67398952  0.98477905
  1.38879063 -1.97511272  1.11102408  2.99346208 -0.33210843 -0.30194116
 -1.88378183  0.96865816  1.68410696  2.70149293 -1.16400535 -0.2831591
 -2.65553777 -2.14644239  3.16765064  2.48774083 -0.78991205 -2.86766318
  1.45823236 -0.14880787 -2.38085622  2.27341357  1.57483528 -0.77736821
  0.90422485 -1.56134782 -0.46854428  2.4705963   0.07585763  0.75905108
  2.82684971  0.89315466  3.07863617  2.8918447   2.84222485 -2.99126704
  0.15801615 -0.28516598  1.39072871  2.71667347 -0.3755582  -2.29488591
  2.39497181 -3.06097509  0.76281737 -0.69321933 -1.95919586  2.54338834
 -1.8691289  -1.69853147 -2.42629247  2.2078887  -2.13486141  2.20382276
  2.35968169  1.70619913  2.27868134  2.81580764  1.63072836  1.67049492
 -1.82340167 -2.02867657  1.30825449]. 
Training complete taking 840.233696937561 total seconds. 
Now scoring model... 
Scoring complete taking 273.0215620994568 seconds. 
Saved predicted values as A2_HWE-CNOT_predicted_values.csv
Model scores: {'MSE_train': (8.871297315251133e-05,), 'R2_train': 0.7724622362341477, 'MAE_train': 0.0076302633579986515, 'MSE_test': 8.803000202047944e-05, 'R2_test': 0.7734248752298296, 'MAE_test': 0.007602369558926006}. 
Saved model results as A2_HWE-CNOT_results.json. 
