Loading dataset from ../5_DDCC_train.bin... 
Successfully loaded ../5_DDCC_train.bin into X and y data. 
Loading dataset from ../5_DDCC_test.bin... 
Successfully loaded ../5_DDCC_test.bin into X and y data. 
Training model with dataset ../5_DDCC_train.bin 
 at time Mon Nov  4 14:31:09 2024... 
12
12
Loading partial state from file partial_state_model.bin
Loaded parameter_vector as [-2.78999599  2.2182005  -2.23494805 -0.06744331  0.54409104 -2.73209184
  2.9756123   2.39977965  1.27084447 -0.67926674  0.60203399  1.50710368
  1.0031686  -1.98814173  0.96788006  2.88480783 -0.59696871 -0.2892733
 -1.76074135  0.62768201  1.65954668  3.10042345 -1.22168623  0.07983468
 -2.37187928 -2.37424115  3.17066048  2.50325621 -0.64561437 -2.72586933
  1.37397997 -0.04570504 -2.24876901  1.91087538  1.10087595 -0.7854223
  0.83193338 -1.84993548 -0.57895998  2.2380315  -0.21038848  0.59639915
  2.65666916  0.9065307   2.59954955]
[Mon Nov  4 14:32:18 2024]  Iteration number: 205 with current cost as 0.051944352987840406 and parameters 
[-2.78799129  2.2161958  -2.23294335 -0.06944802  0.54208634 -2.73409654
  2.9736076   2.40178435  1.26883976 -0.67726204  0.60403869  1.50910838
  1.00116389 -1.98613703  0.96988476  2.88681253 -0.59897341 -0.28726859
 -1.75873665  0.62968672  1.66155138  3.09841875 -1.22369093  0.08183938
 -2.36987458 -2.37223645  3.16865578  2.50125151 -0.64360967 -2.72787403
  1.37197526 -0.04370034 -2.24676431  1.91288008  1.10288065 -0.787427
  0.82992867 -1.85194018 -0.57695528  2.2400362  -0.21239318  0.59439445
  2.65466446  0.904526    2.59754485]. 
Training complete taking 69.37856698036194 total seconds. 
Now scoring model... 
Scoring complete taking 21.74268102645874 seconds. 
Saved predicted values as A2_HWE-CNOT_predicted_values.csv
Model scores: {'MSE_train': (0.0002194449569231958,), 'R2_train': 0.4371509262556571, 'MAE_train': 0.008382497371981266, 'MSE_test': 0.00021732646360311298, 'R2_test': 0.4406364935072956, 'MAE_test': 0.008359005966324422}. 
Saved model results as A2_HWE-CNOT_results.json. 
