/opt/miniconda/bin/python: can't open file '/home/gjones/scratch/qml_DDCC/5/main.py': [Errno 2] No such file or directory
Traceback (most recent call last):
  File "/home/gjones/scratch/qml_DDCC/5/main.py", line 19, in <module>
    from quantum.Quantum import QuantumRegressor
ModuleNotFoundError: No module named 'quantum'
Traceback (most recent call last):
  File "/home/gjones/scratch/qml_DDCC/5/main.py", line 19, in <module>
    from quantum.Quantum import QuantumRegressor
  File "/home/gjones/scratch/qml_DDCC/5/quantum/Quantum.py", line 8, in <module>
    from qiskit_ibm_runtime.fake_provider import FakeCairo
ModuleNotFoundError: No module named 'qiskit_ibm_runtime.fake_provider'
Traceback (most recent call last):
  File "/home/gjones/scratch/qml_DDCC/5/main.py", line 1, in <module>
    import joblib
ModuleNotFoundError: No module named 'joblib'
Traceback (most recent call last):
  File "/home/gjones/scratch/qml_DDCC/5/main.py", line 1, in <module>
    import joblib
ModuleNotFoundError: No module named 'joblib'
Traceback (most recent call last):
  File "/home/gjones/scratch/qml_DDCC/5/main.py", line 1, in <module>
    import joblib
ModuleNotFoundError: No module named 'joblib'
Traceback (most recent call last):
  File "/home/gjones/scratch/qml_DDCC/5/main.py", line 1, in <module>
    import joblib
ModuleNotFoundError: No module named 'joblib'
Traceback (most recent call last):
  File "/home/gjones/scratch/qml_DDCC/5/main.py", line 1, in <module>
    import joblib
ModuleNotFoundError: No module named 'joblib'
/home/gjones/scratch/qml_DDCC/5/main.py:17: DeprecationWarning: The package qiskit_ibm_provider is being deprecated. Please see https://docs.quantum.ibm.com/api/migration-guides/qiskit-runtime to get instructions on how to migrate to qiskit-ibm-runtime (https://github.com/Qiskit/qiskit-ibm-runtime).
  from qiskit_ibm_provider import IBMProvider
Usage: main.py [OPTIONS]
Try 'main.py --help' for help.

Error: Invalid value for '--train_set': Path '/home/gjones/scratch/qml_DDCC/5/linear_train.bin' does not exist.
/home/gjones/scratch/qml_DDCC/5/main.py:17: DeprecationWarning: The package qiskit_ibm_provider is being deprecated. Please see https://docs.quantum.ibm.com/api/migration-guides/qiskit-runtime to get instructions on how to migrate to qiskit-ibm-runtime (https://github.com/Qiskit/qiskit-ibm-runtime).
  from qiskit_ibm_provider import IBMProvider
Loading dataset from /home/gjones/scratch/qml_DDCC/5/5_DDCC_train.bin... 
Successfully loaded /home/gjones/scratch/qml_DDCC/5/5_DDCC_train.bin into X and y data. 
Loading dataset from /home/gjones/scratch/qml_DDCC/5/5_DDCC_test.bin... 
Successfully loaded /home/gjones/scratch/qml_DDCC/5/5_DDCC_test.bin into X and y data. 
Training model with dataset /home/gjones/scratch/qml_DDCC/5/5_DDCC_train.bin 
 at time Tue Jul 30 16:33:08 2024... 
Traceback (most recent call last):
  File "/home/gjones/scratch/qml_DDCC/5/main.py", line 331, in <module>
    main()
  File "/opt/miniconda/lib/python3.12/site-packages/click/core.py", line 1157, in __call__
    return self.main(*args, **kwargs)
           ^^^^^^^^^^^^^^^^^^^^^^^^^^
  File "/opt/miniconda/lib/python3.12/site-packages/click/core.py", line 1078, in main
    rv = self.invoke(ctx)
         ^^^^^^^^^^^^^^^^
  File "/opt/miniconda/lib/python3.12/site-packages/click/core.py", line 1434, in invoke
    return ctx.invoke(self.callback, **ctx.params)
           ^^^^^^^^^^^^^^^^^^^^^^^^^^^^^^^^^^^^^^^
  File "/opt/miniconda/lib/python3.12/site-packages/click/core.py", line 783, in invoke
    return __callback(*args, **kwargs)
           ^^^^^^^^^^^^^^^^^^^^^^^^^^^
  File "/home/gjones/scratch/qml_DDCC/5/main.py", line 188, in main
    model = QuantumRegressor(**kwargs)
            ^^^^^^^^^^^^^^^^^^^^^^^^^^
  File "/home/gjones/scratch/qml_DDCC/5/quantum/Quantum.py", line 80, in __init__
    self._set_device(device, backend, shots, provider, token)
  File "/home/gjones/scratch/qml_DDCC/5/quantum/Quantum.py", line 106, in _set_device
    self.device = qml.device(device, wires=self.num_qubits, shots=shots)
                  ^^^^^^^^^^^^^^^^^^^^^^^^^^^^^^^^^^^^^^^^^^^^^^^^^^^^^^
  File "/opt/miniconda/lib/python3.12/site-packages/pennylane/__init__.py", line 433, in device
    raise DeviceError(f"Device {name} does not exist. Make sure the required plugin is installed.")
pennylane._device.DeviceError: Device qulacs.simulator does not exist. Make sure the required plugin is installed.
/home/gjones/scratch/qml_DDCC/5/main.py:17: DeprecationWarning: The package qiskit_ibm_provider is being deprecated. Please see https://docs.quantum.ibm.com/api/migration-guides/qiskit-runtime to get instructions on how to migrate to qiskit-ibm-runtime (https://github.com/Qiskit/qiskit-ibm-runtime).
  from qiskit_ibm_provider import IBMProvider
Loading dataset from /home/gjones/scratch/qml_DDCC/5/5_DDCC_train.bin... 
Successfully loaded /home/gjones/scratch/qml_DDCC/5/5_DDCC_train.bin into X and y data. 
Loading dataset from /home/gjones/scratch/qml_DDCC/5/5_DDCC_test.bin... 
Successfully loaded /home/gjones/scratch/qml_DDCC/5/5_DDCC_test.bin into X and y data. 
Training model with dataset /home/gjones/scratch/qml_DDCC/5/5_DDCC_train.bin 
 at time Tue Jul 30 21:15:49 2024... 
[Tue Jul 30 22:05:55 2024]  Iteration number: 0 with current cost as 0.19433179870291598 and parameters 
[-2.89214496  2.24847313 -2.11324114 -0.12756952  0.56492557 -2.75907048
  3.07962347  2.20063994  1.19655848 -1.07752158  0.59167661  1.15536294
  1.29926049 -1.86250831  0.74068929  2.89682268 -0.55638184 -0.48626334
 -2.01550391  0.7179352   1.59408815  2.81973258 -1.27560559 -0.26239954
 -2.40383067 -2.28413623  3.12233306  2.55960807 -0.68654636 -2.67898353
  1.50597774 -0.05751077 -2.33167521  2.05147063  1.16320161 -0.63951649
  1.0336152  -1.90952167 -0.33171837  2.33329882 -0.19481243  0.55533584
  2.67879282  1.08377211  2.56999018  2.95357881  2.75410741 -2.9568242
  0.3558021  -0.66829756  1.64055237  2.69145991 -0.26298804 -2.46911755
  2.64674374 -3.09034279  0.80233573 -0.7700562  -1.82880411  3.00972709
 -1.8478332  -1.62630239 -2.54266975  2.32030481 -2.24817474  1.97429703
  1.91984863  1.41413466  2.61034735  2.88251318  1.8583589   1.51033579
 -1.68762684 -2.33327368  1.2439626   0.70947323  1.58587957 -2.84931478
 -0.47455225  2.4108712  -0.91065477  1.4424363   1.72615541  0.54405233
 -0.91364232  1.20833501  0.7146278  -0.38038584  2.672626   -2.26277494
  1.49413464 -0.54203036  1.09093222 -2.93507865 -2.2832272   0.38506886
 -1.04775311 -0.41198226  0.41157479 -0.08197185 -1.61414429 -0.17053395
 -0.69550592  2.84944715 -1.22522353 -1.13345603 -1.22008273  1.27780691
  1.6958453  -0.81323971  1.96935627 -1.9819824  -0.30243773 -0.84188076
 -2.99677823  3.05774421 -1.73685987  3.10263989 -1.32414649 -2.77134762
  3.06191985 -1.22202821 -0.69075406 -3.06033713 -2.48336537  2.79298755
 -2.04564686 -1.96742463 -0.50293364  3.14141889  0.29919397  0.10009429
 -1.56423387 -0.3544856  -1.50914053 -3.09706637  2.80958078  1.08996542
 -0.45584418 -2.21522107  0.9815774  -1.31088643 -0.21032239 -2.30345726
 -1.87275696  1.78803761 -0.98189702  2.67856647 -0.56933213 -3.09008722
 -2.91761237  2.03918609 -3.14069432 -0.28409223 -1.07320975 -0.26270116
  2.49335796  1.87523734  0.05145044 -2.53743019 -2.72620082  0.16901509
 -0.77797093  1.40515441 -2.58793291  0.98871465 -0.10530018  0.33150997
  1.97018613  0.7087017   0.68122738 -1.26425723  1.84216355  2.54155511
  1.14516847  0.31697472 -1.10229755  2.43558909  0.73106894 -2.01285023
  0.06236807  1.94609689  0.99883024 -0.79834133 -2.42285653  2.51646377
  2.00300721  1.76122152  2.21580414  1.67886312 -1.71006507 -2.8762677
  0.6578022   1.4865973  -2.31082743 -1.32824912  2.37814284  1.38900645
 -0.22375844 -1.87137995 -1.58360453  1.94415646  1.50057986 -0.91128032
 -0.13330636 -0.47014762 -0.25997972  2.34368005 -0.41376216 -0.7965493
  0.83983332 -2.37181569  0.9057881   2.57999421 -0.48585851  2.26243989
 -1.95664418 -1.09260536 -2.5190142  -2.30225494 -1.51411413 -3.10316346
  1.64999712  1.74909259  1.48622055  1.07487963  1.33271206 -2.19210158
 -2.71193891  1.72079388  0.98696716 -0.34433747 -2.56186347  1.59144356
 -1.17558529 -2.73681393 -0.16302053  2.06598927 -2.73163257 -2.31884377
  1.90648878  1.00507005 -0.59454008 -0.55162476 -0.73166853  2.13496785
  0.62715656 -0.48682471  0.46919032 -2.33435455  1.37493254 -0.2416662
  2.12112224  0.80732739  2.5781888  -1.18626292  2.27706275 -0.36981797
 -3.08769356  2.30545365  0.80401206  2.09156283 -1.31137188  1.29895606
 -1.72136595  0.16362825  0.2535277  -2.74409228 -0.76137486 -2.47016236
  0.25601198 -0.23734468  1.2221745   3.05116577 -0.18639983  0.84598481
 -2.08874243 -1.49476433 -2.2805314   3.07273749 -1.58117396  2.61627431
  1.40302748 -0.76300281 -2.62837815 -1.42658813 -0.10695278 -0.1696293
 -0.13623783  2.61920764 -2.03712568  0.410687    2.2308603   2.25699197
 -0.9268714   1.78940442  1.04319111 -2.09476428  1.20366906 -0.91089232
 -2.52190651 -2.01628393 -1.64745289 -0.602531    2.53558661  2.97274973
  1.27000158 -1.46752418 -1.89589811 -1.84520291 -0.89146075 -1.28494975
 -0.01561826 -2.18985113  2.37967067 -0.21773044  2.35689274 -1.41431834
  1.07908525 -2.1221297   3.06513053  0.71484389  0.74875345 -3.08817436
 -0.00817683  0.10671251  1.56982102  2.72930506  1.15415202 -2.32325449
 -2.88683756  2.4811191   1.67367917 -1.0948269  -2.4078416   2.24000864
  2.1738349  -1.23063639  1.51822796 -2.27316917 -1.6117306   2.49821082
 -1.89632114  2.24173052 -0.22910449 -2.94439222 -0.94752582  0.57649267
  0.6844869   0.27124238  2.45032191 -2.18091097  1.03889005  1.29493728
  0.39006305 -2.95082895 -2.59133303 -0.81630742  0.27510473  1.51129438
  1.6666369   2.86777942 -1.23157443  0.92192672 -2.99644976 -0.36767833
 -0.9220388   0.01105141  0.98289243 -0.76526108 -1.93701207  1.60238652
  0.43828772  2.16788222 -2.02218768 -0.35054265  0.24589746  1.86865141
  0.24491102 -0.77516329 -2.0617776  -3.04457782 -2.04942295  2.13668213
  2.65560525  0.17773124  1.59891374 -1.05634456  0.30615612  3.08893022
  0.03875735 -2.14170783 -1.95505161 -2.32467192 -0.11753638  2.57599427
 -2.67793287  0.34713405  2.09308345 -0.87445823 -1.99556019  3.06685128
  3.06222671 -2.88004541 -2.56383939  3.14908311  0.12721535 -2.63465488
  2.4474319   2.93825969 -0.3328217   2.33233688  2.54595756 -0.48072673
  0.89057985 -1.88251536 -0.13861056 -1.53548706  0.70309118  1.17160178
 -0.057099    1.22065729 -3.08837068  2.59847351  1.57021794  2.9785988
  1.70307985 -0.33257778 -0.52805053  1.03596314  0.65829009 -1.22731967
  2.67976725  0.59161986 -1.64313979  0.16039064  0.77534772 -1.93532062
 -0.26489595 -1.97016582  0.54295162 -0.03177881  2.70222351 -3.02165698
 -1.06672994  1.01250007 -1.52574835  0.21111755 -2.65367322 -2.80946873
  2.76107697  1.1196656  -2.92026152 -0.79192961  0.49781266 -1.18676372
  2.17708887 -2.49591995  0.33855818  0.3652476   3.12884982 -0.8454253
 -0.88577641 -0.285094    1.49813259  2.24937746  1.92730122  0.05111219
 -0.72437791  1.5985877   1.40504833  0.90542724  0.79875814  2.16064582
  1.78473066 -2.75960991 -0.72347074  2.71765928 -0.26376726  1.38611148
  2.81519233 -2.11579524  0.01174365  0.59209549 -0.60006446  0.85864482
 -0.23032266  1.51726829 -0.59884602  1.90292575  0.72299938 -0.4731758
 -0.12774611 -2.4198993   2.16968963  2.47713342 -1.7530807   0.00829357
  1.40775193  2.22708414  0.37548133 -0.52505467 -2.87735032  2.14716557
  2.28226863  0.73651078 -1.1487215   2.63688772  1.58120767 -0.9818652
 -0.65999466  1.95037595 -0.63539645 -0.48144001 -0.56079675 -0.22912675
  1.10194248  0.39391338 -0.0429355  -0.67709561 -1.27562447  2.27752815
  2.61682452  3.12325923 -1.71650808  1.83773507 -0.60272839 -1.71269108
 -0.15190262 -0.00663426  0.12412095  0.42423093 -1.14865803 -1.39309402
  0.94746418  1.21391579  0.80134436  1.81324198  2.86161018 -1.51099814
 -3.01702316 -2.40886937 -1.28758806  0.90096776  2.07208363 -2.80233037
 -2.02124098  0.45154676  0.55970342 -1.66270574 -0.65348964  0.10664917
  2.89587014  0.08662449  1.71595397  2.33683395  1.52065876  2.07008335
 -0.86293743  2.02791701  2.69436281  1.67313439 -1.82546976  2.50874671
  0.64031322 -3.07984031 -2.92253025 -0.50358367 -1.52087777 -0.86224506
 -3.00311787 -2.51561357  1.52596499 -1.86106953  3.1274578  -1.46843753
 -2.21116761  1.79935884 -2.89465509 -1.63211238  0.24282746 -1.19086446
 -2.89965755 -3.00500687 -0.37645912  1.38674186  1.83572574 -0.78416027
 -2.5246967   2.06812269 -0.37407244 -0.42948153 -1.5285837  -1.67367833
  2.71411364 -0.32325575  0.50074157 -2.4901233  -1.09436135  1.06559188]. 
[Thu Aug  1 06:52:28 2024]  Iteration number: 50 with current cost as 0.15409033761355803 and parameters 
[-2.82913948e+00  2.22467122e+00 -2.10244544e+00 -1.11296025e-01
  5.43417110e-01 -2.79299755e+00  3.06405659e+00  2.22349274e+00
  1.17871393e+00 -1.04334107e+00  5.73373003e-01  1.18817442e+00
  1.33229488e+00 -1.83710822e+00  7.53850244e-01  2.90209885e+00
 -5.68960429e-01 -5.02130381e-01 -1.93363668e+00  7.38156223e-01
  1.60449445e+00  2.78036236e+00 -1.28363337e+00 -2.26159664e-01
 -2.45784766e+00 -2.26709735e+00  3.11546068e+00  2.57123727e+00
 -6.49964033e-01 -2.63847773e+00  1.47195407e+00 -5.21679691e-02
 -2.34742437e+00  2.07792668e+00  1.14488209e+00 -6.35136863e-01
  1.06922708e+00 -1.91836239e+00 -3.25557704e-01  2.31985651e+00
 -1.64347098e-01  5.62865731e-01  2.64923070e+00  1.12117629e+00
  2.60827450e+00  2.93887732e+00  2.70486136e+00 -2.96190912e+00
  3.32987412e-01 -7.08201128e-01  1.58648456e+00  2.69703845e+00
 -2.41650243e-01 -2.43533492e+00  2.65940790e+00 -3.06756973e+00
  7.70250109e-01 -7.30631286e-01 -1.87279280e+00  3.03266039e+00
 -1.86849211e+00 -1.59784862e+00 -2.56705440e+00  2.27482982e+00
 -2.22841281e+00  1.97645167e+00  1.92318833e+00  1.42254116e+00
  2.57035946e+00  2.89147850e+00  1.88771897e+00  1.50384383e+00
 -1.71220144e+00 -2.34689410e+00  1.23307289e+00  7.03930329e-01
  1.61226699e+00 -2.92142964e+00 -4.37282997e-01  2.41143314e+00
 -9.33028354e-01  1.44914571e+00  1.72767426e+00  5.30353161e-01
 -9.08573758e-01  1.18927864e+00  7.48940526e-01 -4.31142656e-01
  2.67155052e+00 -2.25333636e+00  1.52753182e+00 -5.27971637e-01
  1.13615977e+00 -2.93415755e+00 -2.28554907e+00  3.55172684e-01
 -1.02165681e+00 -4.79938266e-01  3.96481479e-01 -1.24390171e-01
 -1.55310889e+00 -1.96677228e-01 -6.76062827e-01  2.83350735e+00
 -1.24366642e+00 -1.09859845e+00 -1.16633862e+00  1.20826718e+00
  1.70585409e+00 -8.68764804e-01  1.92573903e+00 -1.98715428e+00
 -3.08025249e-01 -8.06904020e-01 -3.02363883e+00  3.03349759e+00
 -1.79802656e+00  3.11854570e+00 -1.30798792e+00 -2.75067298e+00
  3.10607387e+00 -1.20918138e+00 -7.18462873e-01 -3.07852008e+00
 -2.49039482e+00  2.78433708e+00 -2.03567191e+00 -1.98814557e+00
 -4.82437060e-01  3.13042498e+00  3.58178553e-01  9.29638519e-02
 -1.55172391e+00 -3.76013341e-01 -1.53465918e+00 -3.13828204e+00
  2.85390606e+00  1.08297154e+00 -4.22659048e-01 -2.23803939e+00
  9.82831212e-01 -1.34151325e+00 -1.90367916e-01 -2.31733470e+00
 -1.84593875e+00  1.80245701e+00 -9.86192196e-01  2.68356696e+00
 -5.75744565e-01 -3.10262308e+00 -2.91660609e+00  2.07633550e+00
 -3.15521282e+00 -2.35223676e-01 -1.08515972e+00 -3.03793645e-01
  2.50056266e+00  1.94463781e+00  5.54527111e-02 -2.53114006e+00
 -2.74526648e+00  2.08308408e-01 -8.15518868e-01  1.42053915e+00
 -2.56644222e+00  9.81438379e-01 -1.15018303e-01  3.70941254e-01
  2.02732181e+00  7.31770412e-01  7.26173678e-01 -1.30396918e+00
  1.79299109e+00  2.54054582e+00  1.20306364e+00  2.77427888e-01
 -1.07075707e+00  2.40907125e+00  7.33120408e-01 -2.03880086e+00
  1.13678458e-01  1.95020345e+00  9.69243033e-01 -7.58281176e-01
 -2.42969098e+00  2.51131135e+00  2.04525746e+00  1.70898568e+00
  2.24528034e+00  1.70676994e+00 -1.72427614e+00 -2.86325622e+00
  6.55556789e-01  1.50173665e+00 -2.33112182e+00 -1.32024505e+00
  2.36479832e+00  1.38804929e+00 -1.77435632e-01 -1.85842929e+00
 -1.50126481e+00  1.94088720e+00  1.50076373e+00 -9.47914347e-01
 -1.33982711e-01 -5.23478915e-01 -2.35177987e-01  2.33650974e+00
 -4.36570163e-01 -7.94508691e-01  7.82969811e-01 -2.39013471e+00
  8.93703798e-01  2.57028015e+00 -4.89944326e-01  2.24451552e+00
 -2.02225428e+00 -1.14079681e+00 -2.56891993e+00 -2.33350754e+00
 -1.53329400e+00 -3.14731807e+00  1.64482167e+00  1.72031075e+00
  1.49254289e+00  1.08055738e+00  1.37736104e+00 -2.17127158e+00
 -2.72184166e+00  1.73007662e+00  1.01176519e+00 -3.65716590e-01
 -2.51707689e+00  1.58717060e+00 -1.17277064e+00 -2.74380395e+00
 -1.55565316e-01  2.03040741e+00 -2.73443064e+00 -2.34903234e+00
  1.89571370e+00  9.77169536e-01 -5.88051349e-01 -5.13108893e-01
 -7.65556245e-01  2.14572797e+00  6.00941803e-01 -4.76382190e-01
  4.71570569e-01 -2.38400577e+00  1.38130853e+00 -2.27545339e-01
  2.08963670e+00  8.55366785e-01  2.57250478e+00 -1.15116625e+00
  2.25163413e+00 -3.03996275e-01 -3.07392144e+00  2.37354435e+00
  8.16663920e-01  2.11760858e+00 -1.25172918e+00  1.33140767e+00
 -1.69670800e+00  1.82425334e-01  2.69137431e-01 -2.72040277e+00
 -7.19157061e-01 -2.47185119e+00  2.69830331e-01 -2.64135670e-01
  1.23866017e+00  3.03805877e+00 -1.85497988e-01  9.31955481e-01
 -2.06531812e+00 -1.44706004e+00 -2.25390108e+00  3.02489155e+00
 -1.56357633e+00  2.60846913e+00  1.42916738e+00 -7.56686236e-01
 -2.66540114e+00 -1.49671974e+00 -2.80089183e-02 -1.24197060e-01
 -1.26425204e-01  2.58605349e+00 -2.01306527e+00  4.38867225e-01
  2.26663199e+00  2.23911945e+00 -9.71047035e-01  1.85391708e+00
  1.03675043e+00 -2.15164916e+00  1.12733017e+00 -9.37382523e-01
 -2.50480779e+00 -2.04220826e+00 -1.68543204e+00 -6.04208687e-01
  2.53857234e+00  2.99618047e+00  1.21170695e+00 -1.49413705e+00
 -1.91479792e+00 -1.91191423e+00 -9.42898401e-01 -1.32368729e+00
 -8.67375844e-04 -2.17462402e+00  2.37673133e+00 -2.14389410e-01
  2.39513554e+00 -1.41710673e+00  1.02667182e+00 -2.14310070e+00
  3.06823722e+00  7.25294293e-01  7.54666132e-01 -3.08683685e+00
 -1.25249293e-02  8.11593341e-02  1.55040000e+00  2.72265557e+00
  1.20548590e+00 -2.33244029e+00 -2.87711432e+00  2.42569785e+00
  1.68198608e+00 -1.09284404e+00 -2.47167487e+00  2.22619239e+00
  2.19001923e+00 -1.19174203e+00  1.47966532e+00 -2.30140825e+00
 -1.58619790e+00  2.53227147e+00 -1.88706736e+00  2.26551149e+00
 -2.23353109e-01 -2.97295790e+00 -9.80556391e-01  4.95019054e-01
  7.17377747e-01  3.00851857e-01  2.45165380e+00 -2.13191961e+00
  1.05948780e+00  1.27801093e+00  4.30517063e-01 -2.92587357e+00
 -2.57583082e+00 -8.06824076e-01  2.45524936e-01  1.53315769e+00
  1.63767516e+00  2.81038358e+00 -1.27006958e+00  9.22139796e-01
 -2.95355050e+00 -3.59617821e-01 -9.84057944e-01  5.21623927e-02
  9.96044094e-01 -7.81918031e-01 -1.93434744e+00  1.63097576e+00
  4.20878248e-01  2.18508154e+00 -1.97818572e+00 -4.01837445e-01
  1.98657153e-01  1.81126131e+00  2.35762204e-01 -8.03929769e-01
 -2.00095522e+00 -3.05418181e+00 -2.01696001e+00  2.09223951e+00
  2.64713833e+00  1.71542170e-01  1.57211638e+00 -1.08030783e+00
  2.85219485e-01  3.13700512e+00  3.45929442e-02 -2.10486719e+00
 -1.94393032e+00 -2.30809459e+00 -8.94665002e-02  2.55621312e+00
 -2.63399781e+00  3.35536965e-01  2.05940928e+00 -8.40990396e-01
 -2.01202766e+00  3.07123960e+00  3.10276557e+00 -2.90399200e+00
 -2.60038313e+00  3.15972660e+00  1.48354845e-01 -2.63258283e+00
  2.41806118e+00  2.96580694e+00 -3.31403428e-01  2.30905353e+00
  2.55150771e+00 -4.81562637e-01  9.02491169e-01 -1.90246189e+00
 -1.64947238e-01 -1.53553139e+00  7.17415222e-01  1.16766791e+00
 -8.98192108e-02  1.22539950e+00 -3.07401973e+00  2.60030791e+00
  1.54013603e+00  2.98579335e+00  1.64486195e+00 -3.65850010e-01
 -4.90106571e-01  1.00156585e+00  5.93650134e-01 -1.28870348e+00
  2.73319998e+00  5.46903071e-01 -1.65952964e+00  1.34494918e-01
  7.59931125e-01 -1.98265801e+00 -3.33888247e-01 -2.04801496e+00
  5.43777625e-01 -3.59542317e-02  2.70199499e+00 -3.05377900e+00
 -1.04020539e+00  1.03635398e+00 -1.49053331e+00  1.22317351e-01
 -2.66401023e+00 -2.85513214e+00  2.78705817e+00  1.10502807e+00
 -2.91694475e+00 -8.00689950e-01  4.66337222e-01 -1.22064699e+00
  2.21031690e+00 -2.45463771e+00  3.91368166e-01  3.59787693e-01
  3.20382047e+00 -7.90039924e-01 -8.76876532e-01 -3.52447921e-01
  1.47958772e+00  2.21357499e+00  1.96280941e+00  8.69950908e-02
 -7.30384292e-01  1.58100446e+00  1.36128967e+00  8.86052533e-01
  8.24497697e-01  2.15168590e+00  1.78867347e+00 -2.77999912e+00
 -6.82581106e-01  2.69256268e+00 -2.57540370e-01  1.38343720e+00
  2.80453247e+00 -2.12694268e+00 -4.16716850e-02  5.99201421e-01
 -5.46775136e-01  8.84000796e-01 -2.14803550e-01  1.51007910e+00
 -6.66140562e-01  1.91444718e+00  6.95381359e-01 -4.66989322e-01
 -1.45771744e-01 -2.40131335e+00  2.15975927e+00  2.47199997e+00
 -1.74874272e+00 -6.96106253e-03  1.39323162e+00  2.25630314e+00
  3.63707089e-01 -5.24802955e-01 -2.85780107e+00  2.14854175e+00
  2.32100400e+00  6.79128884e-01 -1.18111047e+00  2.66966768e+00
  1.58659653e+00 -9.98434450e-01 -6.21281716e-01  1.95652113e+00
 -5.98540933e-01 -4.99693104e-01 -5.67829991e-01 -2.73978354e-01
  1.13456283e+00  3.90439550e-01 -8.60643424e-02 -6.51000180e-01
 -1.28645274e+00  2.27772125e+00  2.63873637e+00  3.13854061e+00
 -1.73695694e+00  1.81945312e+00 -6.02475700e-01 -1.67453187e+00
 -1.66193925e-01  6.16266002e-02  1.55417703e-01  4.66260530e-01
 -1.14887085e+00 -1.37218787e+00  9.17293373e-01  1.22078664e+00
  8.09627929e-01  1.83136468e+00  2.87806061e+00 -1.49049733e+00
 -3.03588924e+00 -2.44314038e+00 -1.28931885e+00  9.10971759e-01
  2.07475272e+00 -2.80185242e+00 -2.01584365e+00  4.43850389e-01
  5.30847135e-01 -1.64659489e+00 -6.55775425e-01  8.70586505e-02
  2.89237571e+00  7.65141614e-02  1.77180893e+00  2.30201031e+00
  1.48613763e+00  2.07248854e+00 -8.54876612e-01  2.04104347e+00
  2.70870000e+00  1.69999635e+00 -1.82948644e+00  2.46025289e+00
  6.59577198e-01 -3.04414881e+00 -2.96960835e+00 -4.83151931e-01
 -1.53676014e+00 -8.37279574e-01 -3.00754819e+00 -2.55274327e+00
  1.61191577e+00 -1.87183201e+00  3.16536257e+00 -1.46727536e+00
 -2.19309058e+00  1.75984244e+00 -2.84266085e+00 -1.67621484e+00
  3.17962732e-01 -1.23047574e+00 -2.94808565e+00 -2.98474296e+00
 -3.67859205e-01  1.43056665e+00  1.78942022e+00 -7.91249813e-01
 -2.52761457e+00  2.06916591e+00 -3.36931787e-01 -4.99398465e-01
 -1.56595048e+00 -1.67245401e+00  2.71836775e+00 -2.92039531e-01
  4.56049343e-01 -2.44445289e+00 -1.13308030e+00  1.04500258e+00]. 
Training complete taking 233489.69643712044 total seconds. 
Now scoring model... 
Scoring complete taking 948.9461975097656 seconds. 
Saved predicted values as IQP_Full-Pauli-CRX_predicted_values.csv
Model scores: {'MSE_train': (0.0005503772923388467,), 'R2_train': -0.411649433854431, 'MAE_train': 0.01696227526768541, 'MSE_test': 0.0005505832002691913, 'R2_test': -0.41711296642172146, 'MAE_test': 0.016985177485284823}. 
Saved model results as IQP_Full-Pauli-CRX_results.json. 
