Matplotlib created a temporary cache directory at /tmp/matplotlib-v6ol7nxc because the default path (/home/j/jacobsen/gjones/.config/matplotlib) is not a writable directory; it is highly recommended to set the MPLCONFIGDIR environment variable to a writable directory, in particular to speed up the import of Matplotlib and to better support multiprocessing.
Error.  nthreads cannot be larger than environment variable "NUMEXPR_MAX_THREADS" (64)/scratch/j/jacobsen/gjones/DDCC5_func_specific/Learning_Curves/0.5/main.py:17: DeprecationWarning: The package qiskit_ibm_provider is being deprecated. Please see https://docs.quantum.ibm.com/api/migration-guides/qiskit-runtime to get instructions on how to migrate to qiskit-ibm-runtime (https://github.com/Qiskit/qiskit-ibm-runtime).
  from qiskit_ibm_provider import IBMProvider
Loading dataset from /scratch/j/jacobsen/gjones/DDCC5_func_specific/Learning_Curves/0.5/0.5_5_DDCC_train.bin... 
Successfully loaded /scratch/j/jacobsen/gjones/DDCC5_func_specific/Learning_Curves/0.5/0.5_5_DDCC_train.bin into X and y data. 
Loading dataset from /scratch/j/jacobsen/gjones/DDCC5_func_specific/Learning_Curves/0.5/0.5_5_DDCC_test.bin... 
Successfully loaded /scratch/j/jacobsen/gjones/DDCC5_func_specific/Learning_Curves/0.5/0.5_5_DDCC_test.bin into X and y data. 
Training model with dataset /scratch/j/jacobsen/gjones/DDCC5_func_specific/Learning_Curves/0.5/0.5_5_DDCC_train.bin 
 at time Thu Jan 23 08:23:25 2025... 
80
80
Loading partial state from file /scratch/j/jacobsen/gjones/DDCC5_func_specific/Learning_Curves/0.5/A2_HWE-CNOT/partial_state_model.bin
Loaded parameter_vector as [-2.93348679  2.11246642 -1.99061295  0.04655743  0.40314421 -2.90256536
  3.32912137  2.38940041  0.87979912 -1.1414553   1.19343335  1.03666748
  1.37091556 -2.06819742  0.69070352  2.76846329 -1.27026776 -0.63564044
 -2.11782376  0.43464024  1.64757399  2.89890291 -0.78977827 -0.1728253
 -2.10725919 -2.38159931  2.51028844  2.88650488 -0.21763023 -2.93393081
  1.57784798 -0.2387906  -2.35162265  1.74645464  0.92300681 -1.04174486
  0.66663833 -1.87641502 -0.10637774  2.78531339  0.09793041  0.9544097
  2.88112886  1.179896    2.81747481]
[Thu Jan 23 08:29:54 2025]  Iteration number: 2249 with current cost as 0.01610307396123605 and parameters 
[-2.93479301  2.11377264 -1.99191916  0.04525121  0.40445043 -2.90125914
  3.33042759  2.39070663  0.88110534 -1.14014908  1.19473957  1.03536126
  1.36960934 -2.06950364  0.69200974  2.76715707 -1.27157398 -0.63433422
 -2.11651754  0.43594646  1.6488802   2.89759669 -0.78847205 -0.17413152
 -2.10856541 -2.38290553  2.50898222  2.8878111  -0.21893645 -2.93523703
  1.57654176 -0.23748438 -2.35031643  1.74514842  0.92170059 -1.04305108
  0.66533211 -1.8751088  -0.10507152  2.78400717  0.09662419  0.95310348
  2.88243508  1.17858978  2.81878103]. 
Training complete taking 389.0312008857727 total seconds. 
Now scoring model... 
Scoring complete taking 147.4748296737671 seconds. 
Saved predicted values as A2_HWE-CNOT_predicted_values.csv
Model scores: {'MSE_train': (6.587671385893876e-05,), 'R2_train': 0.8310032710021302, 'MAE_train': 0.005690876030629206, 'MSE_test': 6.594644730021691e-05, 'R2_test': 0.8307576644493598, 'MAE_test': 0.00571221168993014}. 
Saved model results as A2_HWE-CNOT_results.json. 
